<?xml version="1.0" encoding="UTF-8" ?>
<testsuite tests="11" failures="1" name="edu.berkeley.cs186.database.query.TestJoinOperator" time="1.816" errors="0" skipped="0">
  <properties>
    <property name="java.runtime.name" value="Java(TM) SE Runtime Environment"/>
    <property name="sun.boot.library.path" value="/Library/Java/JavaVirtualMachines/jdk1.8.0_91.jdk/Contents/Home/jre/lib"/>
    <property name="java.vm.version" value="25.91-b14"/>
    <property name="gopherProxySet" value="false"/>
    <property name="java.vm.vendor" value="Oracle Corporation"/>
    <property name="java.vendor.url" value="http://java.oracle.com/"/>
    <property name="path.separator" value=":"/>
    <property name="java.vm.name" value="Java HotSpot(TM) 64-Bit Server VM"/>
    <property name="file.encoding.pkg" value="sun.io"/>
    <property name="user.country" value="US"/>
    <property name="sun.java.launcher" value="SUN_STANDARD"/>
    <property name="sun.os.patch.level" value="unknown"/>
    <property name="java.vm.specification.name" value="Java Virtual Machine Specification"/>
    <property name="user.dir" value="/Users/andrewhuynh/Desktop/Homework/Spring 2017/CS 186/aho/projects"/>
    <property name="java.runtime.version" value="1.8.0_91-b14"/>
    <property name="java.awt.graphicsenv" value="sun.awt.CGraphicsEnvironment"/>
    <property name="basedir" value="/Users/andrewhuynh/Desktop/Homework/Spring 2017/CS 186/aho/projects"/>
    <property name="java.endorsed.dirs" value="/Library/Java/JavaVirtualMachines/jdk1.8.0_91.jdk/Contents/Home/jre/lib/endorsed"/>
    <property name="os.arch" value="x86_64"/>
    <property name="surefire.real.class.path" value="/var/folders/1l/7jq38qr10tn6d2m37mlxyhq40000gn/T/surefirebooter726015026864246795.jar"/>
    <property name="java.io.tmpdir" value="/var/folders/1l/7jq38qr10tn6d2m37mlxyhq40000gn/T/"/>
    <property name="line.separator" value="
"/>
    <property name="java.vm.specification.vendor" value="Oracle Corporation"/>
    <property name="os.name" value="Mac OS X"/>
    <property name="sun.jnu.encoding" value="UTF-8"/>
    <property name="java.library.path" value="/Users/andrewhuynh/Library/Java/Extensions:/Library/Java/Extensions:/Network/Library/Java/Extensions:/System/Library/Java/Extensions:/usr/lib/java:."/>
    <property name="surefire.test.class.path" value="/Users/andrewhuynh/Desktop/Homework/Spring 2017/CS 186/aho/projects/target/test-classes:/Users/andrewhuynh/Desktop/Homework/Spring 2017/CS 186/aho/projects/target/classes:/Users/andrewhuynh/.m2/repository/junit/junit/4.12/junit-4.12.jar:/Users/andrewhuynh/.m2/repository/org/hamcrest/hamcrest-core/1.3/hamcrest-core-1.3.jar:"/>
    <property name="java.specification.name" value="Java Platform API Specification"/>
    <property name="java.class.version" value="52.0"/>
    <property name="sun.management.compiler" value="HotSpot 64-Bit Tiered Compilers"/>
    <property name="os.version" value="10.9.5"/>
    <property name="http.nonProxyHosts" value="local|*.local|169.254/16|*.169.254/16"/>
    <property name="user.home" value="/Users/andrewhuynh"/>
    <property name="user.timezone" value=""/>
    <property name="java.awt.printerjob" value="sun.lwawt.macosx.CPrinterJob"/>
    <property name="java.specification.version" value="1.8"/>
    <property name="file.encoding" value="UTF-8"/>
    <property name="user.name" value="andrewhuynh"/>
    <property name="java.class.path" value="/Users/andrewhuynh/Desktop/Homework/Spring 2017/CS 186/aho/projects/target/test-classes:/Users/andrewhuynh/Desktop/Homework/Spring 2017/CS 186/aho/projects/target/classes:/Users/andrewhuynh/.m2/repository/junit/junit/4.12/junit-4.12.jar:/Users/andrewhuynh/.m2/repository/org/hamcrest/hamcrest-core/1.3/hamcrest-core-1.3.jar:"/>
    <property name="java.vm.specification.version" value="1.8"/>
    <property name="sun.arch.data.model" value="64"/>
    <property name="java.home" value="/Library/Java/JavaVirtualMachines/jdk1.8.0_91.jdk/Contents/Home/jre"/>
    <property name="sun.java.command" value="/var/folders/1l/7jq38qr10tn6d2m37mlxyhq40000gn/T/surefirebooter726015026864246795.jar /var/folders/1l/7jq38qr10tn6d2m37mlxyhq40000gn/T/surefire7386281679946690927tmp /var/folders/1l/7jq38qr10tn6d2m37mlxyhq40000gn/T/surefire7405754989589419725tmp"/>
    <property name="java.specification.vendor" value="Oracle Corporation"/>
    <property name="user.language" value="en"/>
    <property name="awt.toolkit" value="sun.lwawt.macosx.LWCToolkit"/>
    <property name="java.vm.info" value="mixed mode"/>
    <property name="java.version" value="1.8.0_91"/>
    <property name="java.ext.dirs" value="/Users/andrewhuynh/Library/Java/Extensions:/Library/Java/JavaVirtualMachines/jdk1.8.0_91.jdk/Contents/Home/jre/lib/ext:/Library/Java/Extensions:/Network/Library/Java/Extensions:/System/Library/Java/Extensions:/usr/lib/java"/>
    <property name="sun.boot.class.path" value="/Library/Java/JavaVirtualMachines/jdk1.8.0_91.jdk/Contents/Home/jre/lib/resources.jar:/Library/Java/JavaVirtualMachines/jdk1.8.0_91.jdk/Contents/Home/jre/lib/rt.jar:/Library/Java/JavaVirtualMachines/jdk1.8.0_91.jdk/Contents/Home/jre/lib/sunrsasign.jar:/Library/Java/JavaVirtualMachines/jdk1.8.0_91.jdk/Contents/Home/jre/lib/jsse.jar:/Library/Java/JavaVirtualMachines/jdk1.8.0_91.jdk/Contents/Home/jre/lib/jce.jar:/Library/Java/JavaVirtualMachines/jdk1.8.0_91.jdk/Contents/Home/jre/lib/charsets.jar:/Library/Java/JavaVirtualMachines/jdk1.8.0_91.jdk/Contents/Home/jre/lib/jfr.jar:/Library/Java/JavaVirtualMachines/jdk1.8.0_91.jdk/Contents/Home/jre/classes"/>
    <property name="java.vendor" value="Oracle Corporation"/>
    <property name="localRepository" value="/Users/andrewhuynh/.m2/repository"/>
    <property name="file.separator" value="/"/>
    <property name="java.vendor.url.bug" value="http://bugreport.sun.com/bugreport/"/>
    <property name="sun.cpu.endian" value="little"/>
    <property name="sun.io.unicode.encoding" value="UnicodeBig"/>
    <property name="socksNonProxyHosts" value="local|*.local|169.254/16|*.169.254/16"/>
    <property name="ftp.nonProxyHosts" value="local|*.local|169.254/16|*.169.254/16"/>
    <property name="sun.cpu.isalist" value=""/>
  </properties>
  <testcase classname="edu.berkeley.cs186.database.query.TestJoinOperator" name="testSimpleJoin" time="0.069"/>
  <testcase classname="edu.berkeley.cs186.database.query.TestJoinOperator" name="testSimpleJoinGHJ" time="0.047"/>
  <testcase classname="edu.berkeley.cs186.database.query.TestJoinOperator" name="testSimpleJoinBNLJ" time="0.136"/>
  <testcase classname="edu.berkeley.cs186.database.query.TestJoinOperator" name="testSimpleJoinPNLJ" time="0.173"/>
  <testcase classname="edu.berkeley.cs186.database.query.TestJoinOperator" name="testEmptyJoin" time="0.004"/>
  <testcase classname="edu.berkeley.cs186.database.query.TestJoinOperator" name="testSimpleSortMergeJoin" time="0.025">
    <failure message="expected:&lt;10000&gt; but was:&lt;0&gt;" type="java.lang.AssertionError">java.lang.AssertionError: expected:&lt;10000&gt; but was:&lt;0&gt;
	at org.junit.Assert.fail(Assert.java:88)
	at org.junit.Assert.failNotEquals(Assert.java:834)
	at org.junit.Assert.assertEquals(Assert.java:645)
	at org.junit.Assert.assertEquals(Assert.java:631)
	at edu.berkeley.cs186.database.query.TestJoinOperator.testSimpleSortMergeJoin(TestJoinOperator.java:238)
	at sun.reflect.NativeMethodAccessorImpl.invoke0(Native Method)
	at sun.reflect.NativeMethodAccessorImpl.invoke(NativeMethodAccessorImpl.java:62)
	at sun.reflect.DelegatingMethodAccessorImpl.invoke(DelegatingMethodAccessorImpl.java:43)
	at java.lang.reflect.Method.invoke(Method.java:498)
	at org.junit.runners.model.FrameworkMethod$1.runReflectiveCall(FrameworkMethod.java:50)
	at org.junit.internal.runners.model.ReflectiveCallable.run(ReflectiveCallable.java:12)
	at org.junit.runners.model.FrameworkMethod.invokeExplosively(FrameworkMethod.java:47)
	at org.junit.internal.runners.statements.InvokeMethod.evaluate(InvokeMethod.java:17)
	at org.junit.internal.runners.statements.FailOnTimeout$CallableStatement.call(FailOnTimeout.java:298)
	at org.junit.internal.runners.statements.FailOnTimeout$CallableStatement.call(FailOnTimeout.java:292)
	at java.util.concurrent.FutureTask.run(FutureTask.java:266)
	at java.lang.Thread.run(Thread.java:745)
</failure>
  </testcase>
  <testcase classname="edu.berkeley.cs186.database.query.TestJoinOperator" name="testOperatorSchema" time="0.003"/>
  <testcase classname="edu.berkeley.cs186.database.query.TestJoinOperator" name="testBNLJDiffOutPutThanPNLJ" time="0.506"/>
  <testcase classname="edu.berkeley.cs186.database.query.TestJoinOperator" name="testSample" time="0.001"/>
  <testcase classname="edu.berkeley.cs186.database.query.TestJoinOperator" name="testSimplePNLJOutputOrder" time="0.51"/>
  <testcase classname="edu.berkeley.cs186.database.query.TestJoinOperator" name="testSimpleGHJOutputOrderUsingThreePartitions" time="0.321"/>
</testsuite>